<?xml version="1.0" encoding="UTF-8"?>
<!-- Generated by org.testng.reporters.JUnitReportReporter -->
<testsuite hostname="DESKTOP-IRKIFPQ" failures="0" tests="3" name="foodboxtest.FoodBoxLoginandSignup" time="2.405" errors="0" timestamp="2021-09-04T01:24:41 IST" skipped="0">
  <testcase classname="foodboxtest.FoodBoxLoginandSignup" name="logintest" time="1.173"/>
  <system-out/>
  <testcase classname="foodboxtest.FoodBoxLoginandSignup" name="RegisterPageTest" time="0.163"/>
  <system-out/>
  <testcase classname="foodboxtest.FoodBoxLoginandSignup" name="Register" time="1.069"/>
  <system-out/>
</testsuite> <!-- foodboxtest.FoodBoxLoginandSignup -->
